<?xml version="1.0" encoding="UTF-8"?>
<!-- Generated by org.testng.reporters.JUnitReportReporter -->
<testsuite hostname="MacBook-Pro.local" failures="0" tests="1" name="tests.Demo" time="3.377" errors="0" timestamp="2023-11-28T08:35:26 IST" skipped="0">
  <testcase classname="tests.Demo" name="createUser" time="3.377"/>
  <system-out/>
</testsuite> <!-- tests.Demo -->
